\BOOKMARK [0][-]{chapter*.3}{\376\377\000I\000n\000t\000r\000o\000d\000u\000c\000c\000i\000\363\000n}{}% 1
\BOOKMARK [-1][-]{part.1}{\376\377\000I\000\040\000M\000i\000\040\000p\000c}{}% 2
\BOOKMARK [0][-]{chapter.1}{\376\377\000I\000n\000s\000t\000a\000l\000a\000n\000d\000o\000\040\000p\000r\000o\000g\000r\000a\000m\000a\000s\000\040\000e\000n\000\040\000m\000i\000\040\000p\000c}{part.1}% 3
\BOOKMARK [1][-]{section.1.1}{\376\377\000T\000e\000r\000m\000i\000n\000a\000l}{chapter.1}% 4
\BOOKMARK [1][-]{section.1.2}{\376\377\000P\000r\000o\000g\000r\000a\000m\000a\000s\000\040\000i\000n\000s\000t\000a\000l\000a\000d\000o\000s\000\040\000d\000e\000s\000d\000e\000\040\000s\000o\000f\000t\000w\000a\000r\000e\000\040\000U\000b\000u\000n\000t\000u}{chapter.1}% 5
\BOOKMARK [-1][-]{part.2}{\376\377\000I\000I\000\040\000P\000y\000t\000h\000o\000n}{}% 6
\BOOKMARK [0][-]{chapter.2}{\376\377\000I\000n\000s\000t\000a\000l\000a\000c\000i\000o\000n\000e\000s\000\040\000e\000n\000\040\000P\000y\000t\000h\000o\000n}{part.2}% 7
\BOOKMARK [1][-]{subsection.2.0.1}{\376\377\000A\000n\000a\000c\000o\000n\000d\000a}{chapter.2}% 8
\BOOKMARK [1][-]{section.2.1}{\376\377\000I\000n\000s\000t\000a\000l\000a\000n\000d\000o\000\040\000P\000y\000t\000h\000o\000n}{chapter.2}% 9
\BOOKMARK [1][-]{section.2.2}{\376\377\000i\000n\000s\000t\000a\000l\000a\000n\000d\000o\000\040\000T\000e\000n\000s\000o\000r\000F\000l\000o\000w}{chapter.2}% 10
\BOOKMARK [1][-]{section.2.3}{\376\377\000I\000n\000s\000t\000a\000l\000a\000n\000d\000o\000\040\000J\000u\000p\000y\000t\000e\000r\000\040\000N\000o\000t\000e\000b\000o\000o\000k}{chapter.2}% 11
\BOOKMARK [0][-]{chapter.3}{\376\377\000N\000u\000m\000p\000y}{part.2}% 12
\BOOKMARK [1][-]{section.3.1}{\376\377\000D\000i\000m\000e\000n\000s\000i\000o\000n\000e\000s\000\040\000e\000n\000\040\000m\000a\000t\000r\000i\000c\000e\000s}{chapter.3}% 13
\BOOKMARK [2][-]{subsection.3.1.1}{\376\377\0000\000-\000D\000\040\000A\000r\000r\000a\000y\000s}{section.3.1}% 14
\BOOKMARK [2][-]{subsection.3.1.2}{\376\377\0001\000-\000D\000\040\000A\000r\000r\000a\000y\000s}{section.3.1}% 15
\BOOKMARK [2][-]{subsection.3.1.3}{\376\377\0002\000-\000D\000\040\000A\000r\000r\000a\000y\000s}{section.3.1}% 16
\BOOKMARK [2][-]{subsection.3.1.4}{\376\377\0003\000-\000D\000\040\000A\000r\000r\000a\000y\000s}{section.3.1}% 17
\BOOKMARK [1][-]{section.3.2}{\376\377\000N\000u\000m\000p\000y\000\040\000d\000a\000t\000a\000\040\000t\000y\000p\000e\000s}{chapter.3}% 18
\BOOKMARK [1][-]{section.3.3}{\376\377\000S\000h\000a\000p\000e\000\040\000d\000e\000\040\000u\000n\000\040\000a\000r\000r\000e\000g\000l\000o}{chapter.3}% 19
\BOOKMARK [1][-]{section.3.4}{\376\377\000N\000u\000m\000P\000y\000\040\000A\000r\000r\000a\000y\000\040\000R\000e\000s\000h\000a\000p\000i\000n\000g}{chapter.3}% 20
\BOOKMARK [2][-]{subsection.3.4.1}{\376\377\000R\000e\000s\000h\000a\000p\000e\000\040\000d\000e\000\040\0001\000-\000D\000\040\000a\000\040\0002\000-\000D}{section.3.4}% 21
\BOOKMARK [1][-]{section.3.5}{\376\377\000M\000\351\000t\000o\000d\000o\000s}{chapter.3}% 22
\BOOKMARK [-1][-]{part.3}{\376\377\000I\000I\000I\000\040\000L\000e\000n\000g\000u\000a\000j\000e\000s\000\040\000d\000e\000l\000\040\000f\000r\000o\000n\000t\000e\000n\000d}{}% 23
\BOOKMARK [0][-]{chapter.4}{\376\377\000F\000i\000g\000m\000a}{part.3}% 24
\BOOKMARK [0][-]{chapter.5}{\376\377\000J\000a\000v\000a\000S\000c\000r\000i\000p\000t}{part.3}% 25
\BOOKMARK [0][-]{chapter.6}{\376\377\000T\000y\000p\000e\000s\000c\000r\000i\000p\000t}{part.3}% 26
\BOOKMARK [0][-]{chapter.7}{\376\377\000N\000e\000x\000t\000.\000j\000s}{part.3}% 27
\BOOKMARK [1][-]{section.7.1}{\376\377\000N\000a\000v\000e\000g\000a\000n\000d\000o\000\040\000e\000n\000t\000r\000e\000\040\000p\000\341\000g\000i\000n\000a\000s}{chapter.7}% 28
\BOOKMARK [2][-]{subsection.7.1.1}{\376\377\000P\000\341\000g\000i\000n\000a\000s\000\040\000e\000n\000\040\000N\000e\000x\000t\000.\000j\000s}{section.7.1}% 29
\BOOKMARK [2][-]{subsection.7.1.2}{\376\377\000C\000r\000e\000a\000\040\000u\000n\000a\000\040\000n\000u\000e\000v\000a\000\040\000p\000\341\000g\000i\000n\000a}{section.7.1}% 30
\BOOKMARK [2][-]{subsection.7.1.3}{\376\377\000C\000o\000m\000p\000o\000n\000e\000n\000t\000e\000\040\000L\000i\000n\000k}{section.7.1}% 31
\BOOKMARK [2][-]{subsection.7.1.4}{\376\377\000U\000s\000a\000n\000d\000o\000\040\000`\000`\000<\000L\000i\000n\000k\000>\000'\000'}{section.7.1}% 32
\BOOKMARK [2][-]{subsection.7.1.5}{\376\377\000N\000a\000v\000e\000g\000a\000c\000i\000\363\000n\000\040\000d\000e\000l\000\040\000l\000a\000d\000o\000\040\000d\000e\000l\000\040\000c\000l\000i\000e\000n\000t\000e}{section.7.1}% 33
\BOOKMARK [-1][-]{part.4}{\376\377\000I\000V\000\040\000B\000a\000s\000e\000s\000\040\000d\000e\000\040\000D\000a\000t\000o\000s}{}% 34
\BOOKMARK [0][-]{chapter.8}{\376\377\000M\000y\000S\000Q\000L}{part.4}% 35
\BOOKMARK [1][-]{section.8.1}{\376\377\000F\000u\000n\000c\000i\000o\000n\000e\000s\000\040\000d\000e\000\040\000c\000o\000n\000t\000r\000o\000l\000\040\000d\000e\000\040\000f\000l\000u\000j\000o}{chapter.8}% 36
\BOOKMARK [1][-]{section.8.2}{\376\377\000S\000u\000b\000q\000u\000e\000r\000i\000e\000s}{chapter.8}% 37
\BOOKMARK [-1][-]{part.5}{\376\377\000V\000\040\000C\000i\000e\000n\000c\000i\000a\000\040\000d\000e\000\040\000d\000a\000t\000o\000s}{}% 38
\BOOKMARK [0][-]{section.8.3}{\376\377\000P\000r\000o\000y\000e\000c\000t\000o\000s\000\040\000d\000a\000t\000a\000\040\000A\000n\000a\000l\000y\000s\000i\000s}{part.5}% 39
\BOOKMARK [0][-]{chapter.9}{\376\377\000A\000n\000\341\000l\000i\000s\000i\000s\000\040\000d\000e\000\040\000d\000a\000t\000o\000s}{part.5}% 40
\BOOKMARK [1][-]{section.9.1}{\376\377\000\277\000Q\000u\000\351\000\040\000t\000i\000p\000o\000\040\000d\000e\000\040\000i\000n\000f\000o\000r\000m\000a\000c\000i\000\363\000n\000\040\000p\000o\000d\000e\000m\000o\000s\000\040\000a\000n\000a\000l\000i\000z\000a\000r\000?}{chapter.9}% 41
\BOOKMARK [1][-]{section.9.2}{\376\377\000F\000l\000u\000j\000o\000\040\000d\000e\000\040\000t\000r\000a\000b\000a\000j\000o\000\040\000e\000n\000\040\000c\000i\000e\000n\000c\000i\000a\000\040\000d\000e\000\040\000d\000a\000t\000o\000s\000:\000\040\000f\000a\000s\000e\000s\000,\000\040\000r\000o\000l\000e\000s\000\040\000y\000\040\000o\000p\000o\000r\000t\000u\000n\000i\000d\000a\000d\000e\000s\000\040\000l\000a\000b\000o\000r\000a\000l\000e\000s}{chapter.9}% 42
\BOOKMARK [1][-]{section.9.3}{\376\377\000H\000e\000r\000r\000a\000m\000i\000e\000n\000t\000a\000s\000\040\000p\000a\000r\000a\000\040\000c\000a\000d\000a\000\040\000e\000t\000a\000p\000a\000\040\000d\000e\000l\000\040\000a\000n\000\341\000l\000i\000s\000i\000s\000\040\000d\000e\000\040\000d\000a\000t\000o\000s}{chapter.9}% 43
\BOOKMARK [1][-]{section.9.4}{\376\377\000P\000y\000t\000h\000o\000n\000\040\000e\000n\000\040\000c\000i\000e\000n\000c\000i\000a\000\040\000d\000e\000\040\000D\000a\000t\000o\000s}{chapter.9}% 44
\BOOKMARK [-1][-]{part.6}{\376\377\000V\000I\000\040\000M\000a\000t\000e\000m\000\341\000t\000i\000c\000a\000s}{}% 45
\BOOKMARK [0][-]{chapter.10}{\376\377\000E\000c\000u\000a\000c\000i\000o\000n\000e\000s\000\040\000d\000i\000f\000e\000r\000e\000n\000c\000i\000a\000l\000e\000s}{part.6}% 46
\BOOKMARK [-1][-]{part.7}{\376\377\000V\000I\000I\000\040\000I\000n\000g\000l\000e\000s}{}% 47
\BOOKMARK [0][-]{chapter.11}{\376\377\000F\000r\000a\000s\000e\000s\000\040\000e\000n\000\040\000i\000n\000g\000l\000\351\000s}{part.7}% 48
\BOOKMARK [0][-]{chapter.12}{\376\377\000\040\000U\000n\000k\000n\000o\000w\000n\000\040\000w\000o\000r\000d\000s\000\040}{part.7}% 49
\BOOKMARK [0][-]{chapter.13}{\376\377\000I\000n\000g\000l\000\351\000s\000\040\000A\0001}{part.7}% 50
\BOOKMARK [1][-]{section.13.1}{\376\377\000A\000n\000\341\000l\000i\000s\000i\000s\000\040\000d\000e\000\040\000h\000a\000b\000i\000l\000i\000d\000a\000d\000e\000s}{chapter.13}% 51
\BOOKMARK [2][-]{subsection.13.1.1}{\376\377\000A\000\040\000a\000n\000d\000\040\000A\000N}{section.13.1}% 52
\BOOKMARK [2][-]{subsection.13.1.2}{\376\377\000I\000T\000'\000S\000\040\000S\000E\000N\000T\000E\000N\000C\000E\000S}{section.13.1}% 53
\BOOKMARK [2][-]{subsection.13.1.3}{\376\377\000P\000l\000u\000r\000a\000l\000\040\000f\000o\000r\000m\000s}{section.13.1}% 54
\BOOKMARK [-1][-]{part.8}{\376\377\000V\000I\000I\000I\000\040\000L\000e\000c\000t\000u\000r\000a\000s\000\040\000d\000e\000\040\000l\000i\000b\000r\000o\000s}{}% 55
\BOOKMARK [0][-]{section.13.2}{\376\377\000U\000l\000t\000r\000a\000l\000e\000a\000r\000n\000i\000n\000g}{part.8}% 56
\BOOKMARK [1][-]{subsection.13.2.1}{\376\377\000W\000h\000y\000\040\000U\000l\000t\000r\000a\000l\000e\000a\000r\000n\000i\000n\000g\000\040\000M\000a\000t\000t\000e\000r\000s}{section.13.2}% 57
\BOOKMARK [2][-]{subsection.13.2.2}{\376\377\000E\000l\000\040\000v\000a\000l\000o\000r\000\040\000d\000e\000l\000\040\000u\000l\000t\000r\000a\000a\000p\000r\000e\000n\000d\000i\000z\000a\000j\000e}{subsection.13.2.1}% 58
\BOOKMARK [2][-]{subsection.13.2.3}{\376\377\000C\000o\000m\000o\000\040\000c\000o\000n\000v\000e\000r\000t\000i\000r\000s\000e\000\040\000e\000n\000\040\000u\000n\000\040\000u\000l\000t\000r\000a\000a\000p\000r\000e\000n\000d\000i\000z}{subsection.13.2.1}% 59
